d:\licenta\plagiarism\debug\vc142.pdb
d:\licenta\plagiarism\debug\vc142.idb
d:\licenta\plagiarism\debug\transformfunction.obj
d:\licenta\plagiarism\debug\plagiarism.obj
d:\licenta\plagiarism\debug\parsefiles.obj
d:\licenta\plagiarism\debug\calculatesimilarities.obj
d:\licenta\plagiarism\debug\htmlprint.obj
d:\licenta\plagiarism\debug\compilefiles.obj
d:\licenta\plagiarism\debug\textdefs.obj
d:\licenta\plagiarism\debug\prefix.obj
d:\licenta\plagiarism\debug\operands.obj
d:\licenta\plagiarism\debug\mnemonics.obj
d:\licenta\plagiarism\debug\insts.obj
d:\licenta\plagiarism\debug\instructions.obj
d:\licenta\plagiarism\debug\distorm.obj
d:\licenta\plagiarism\debug\decoder.obj
d:\licenta\plagiarism\debug\plagiarism.exe
d:\licenta\plagiarism\debug\plagiarism.ilk
d:\licenta\plagiarism\debug\plagiarism.pdb
d:\licenta\plagiarism\debug\plagiarism.res
d:\licenta\plagiarism\debug\plagiarism.tlog\cl.command.1.tlog
d:\licenta\plagiarism\debug\plagiarism.tlog\cl.read.1.tlog
d:\licenta\plagiarism\debug\plagiarism.tlog\cl.write.1.tlog
d:\licenta\plagiarism\debug\plagiarism.tlog\link.command.1.tlog
d:\licenta\plagiarism\debug\plagiarism.tlog\link.read.1.tlog
d:\licenta\plagiarism\debug\plagiarism.tlog\link.write.1.tlog
d:\licenta\plagiarism\debug\plagiarism.tlog\rc.command.1.tlog
d:\licenta\plagiarism\debug\plagiarism.tlog\rc.read.1.tlog
d:\licenta\plagiarism\debug\plagiarism.tlog\rc.write.1.tlog
