  CompileFiles.cpp
D:\licenta\Plagiarism\CompileFiles.cpp(53,11): warning C4101: 'filename': unreferenced local variable
  HTMLprint.cpp
  CalculateSimilarities.cpp
D:\licenta\Plagiarism\CalculateSimilarities.cpp(35,27): warning C4018: '<': signed/unsigned mismatch
D:\licenta\Plagiarism\CalculateSimilarities.cpp(47,23): warning C4018: '<': signed/unsigned mismatch
D:\licenta\Plagiarism\CalculateSimilarities.cpp(53,27): warning C4018: '<': signed/unsigned mismatch
D:\licenta\Plagiarism\CalculateSimilarities.cpp(138,23): warning C4018: '<': signed/unsigned mismatch
D:\licenta\Plagiarism\CalculateSimilarities.cpp(138,43): warning C4018: '<': signed/unsigned mismatch
D:\licenta\Plagiarism\CalculateSimilarities.cpp(166,22): warning C4018: '<': signed/unsigned mismatch
D:\licenta\Plagiarism\CalculateSimilarities.cpp(173,22): warning C4018: '<': signed/unsigned mismatch
  ParseFiles.cpp
D:\licenta\Plagiarism\ParseFiles.cpp(100,22): warning C4018: '<': signed/unsigned mismatch
  Plagiarism.cpp
  TransformFunction.cpp
D:\licenta\Plagiarism\TransformFunction.cpp(41,27): warning C4018: '<': signed/unsigned mismatch
D:\licenta\Plagiarism\TransformFunction.cpp(97,31): warning C4018: '<': signed/unsigned mismatch
  Generating Code...
  decoder.c
  distorm.c
  instructions.c
  insts.c
  mnemonics.c
  operands.c
  prefix.c
  textdefs.c
  Generating Code...
  Plagiarism.vcxproj -> D:\licenta\Plagiarism\Debug\Plagiarism.exe
